[03:01:07] [ServerMain/INFO]: [bootstrap] Running Java 23 (Java HotSpot(TM) 64-Bit Server VM 23.0.1+11-39; Oracle Corporation null) on Linux 5.15.167.4-microsoft-standard-WSL2 (amd64)
[03:01:07] [ServerMain/INFO]: [bootstrap] Loading Paper 1.21.4-224-main@0cf7315 (2025-04-07T12:01:39Z) for Minecraft 1.21.4
[03:01:07] [ServerMain/INFO]: [PluginInitializerManager] Initializing plugins...
[03:01:08] [ServerMain/INFO]: [PluginInitializerManager] Initialized 6 plugins
[03:01:08] [ServerMain/INFO]: [PluginInitializerManager] Bukkit plugins (6):
 - Essentials (2.21.1-dev+12-8455212), EssentialsChat (2.21.1-dev+12-8455212), HungerGames (1.8.1), LuckPerms (5.4.158), TAB (5.2.0), Vault (1.7.3-b131)
[03:01:13] [ServerMain/WARN]: You specified a resource pack without providing a sha1 hash. Pack will be updated on the client only if you change the name of the pack.
[03:01:13] [ServerMain/WARN]: resource-pack-id missing, using default of d0254dc2-4ce4-31fd-bd79-45f76dafd554
[03:01:13] [ServerMain/INFO]: Environment: Environment[sessionHost=https://sessionserver.mojang.com, servicesHost=https://api.minecraftservices.com, name=PROD]
[03:01:15] [ServerMain/INFO]: Loaded 1370 recipes
[03:01:15] [ServerMain/INFO]: Loaded 4 advancements
[03:01:15] [ServerMain/INFO]: [MCTypeRegistry] Initialising converters for DataConverter...
[03:01:15] [ServerMain/INFO]: [MCTypeRegistry] Finished initialising converters for DataConverter in 247.6ms
[03:01:15] [Server thread/INFO]: Starting minecraft server version 1.21.4
[03:01:15] [Server thread/INFO]: Loading properties
[03:01:15] [Server thread/INFO]: This server is running Paper version 1.21.4-224-main@0cf7315 (2025-04-07T12:01:39Z) (Implementing API version 1.21.4-R0.1-SNAPSHOT)
[03:01:15] [Server thread/INFO]: [spark] This server bundles the spark profiler. For more information please visit https://docs.papermc.io/paper/profiling
[03:01:15] [Server thread/INFO]: Server Ping Player Sample Count: 12
[03:01:15] [Server thread/INFO]: Using 4 threads for Netty based IO
[03:01:16] [Server thread/INFO]: [MoonriseCommon] Paper is using 3 worker threads, 1 I/O threads
[03:01:16] [Server thread/INFO]: [ChunkTaskScheduler] Chunk system is using population gen parallelism: true
[03:01:16] [Server thread/INFO]: Default game type: SURVIVAL
[03:01:16] [Server thread/INFO]: Generating keypair
[03:01:16] [Server thread/INFO]: Starting Minecraft server on *:25565
[03:01:16] [Server thread/INFO]: Using epoll channel type
[03:01:16] [Server thread/INFO]: Paper: Using libdeflate (Linux x86_64) compression from Velocity.
[03:01:16] [Server thread/INFO]: Paper: Using OpenSSL 3.x.x (Linux x86_64) cipher from Velocity.
[03:01:16] [Server thread/INFO]: [LuckPerms] Loading server plugin LuckPerms v5.4.158
[03:01:17] [Server thread/INFO]: [Vault] Loading server plugin Vault v1.7.3-b131
[03:01:17] [Server thread/INFO]: [Essentials] Loading server plugin Essentials v2.21.1-dev+12-8455212
[03:01:17] [Server thread/INFO]: [HungerGames] Loading server plugin HungerGames v1.8.1
[03:01:18] [Server thread/INFO]: [EssentialsChat] Loading server plugin EssentialsChat v2.21.1-dev+12-8455212
[03:01:18] [Server thread/INFO]: [TAB] Loading server plugin TAB v5.2.0
[03:01:18] [Server thread/INFO]: Server permissions file permissions.yml is empty, ignoring it
[03:01:18] [Server thread/INFO]: [LuckPerms] Enabling LuckPerms v5.4.158
[03:01:19] [Server thread/INFO]:         __    
[03:01:19] [Server thread/INFO]:   |    |__)   LuckPerms v5.4.158
[03:01:19] [Server thread/INFO]:   |___ |      Running on Bukkit - Paper
[03:01:19] [Server thread/INFO]: 
[03:01:19] [Server thread/INFO]: [LuckPerms] Loading configuration...
[03:01:19] [Server thread/INFO]: [LuckPerms] Loading storage provider... [H2]
[03:01:19] [Server thread/INFO]: [LuckPerms] Loading internal permission managers...
[03:01:19] [Server thread/INFO]: [LuckPerms] Performing initial data load...
[03:01:19] [Server thread/INFO]: [LuckPerms] Successfully enabled. (took 1033ms)
[03:01:19] [Server thread/INFO]: [Vault] Enabling Vault v1.7.3-b131
[03:01:20] [Server thread/INFO]: [Vault] [Economy] Essentials Economy found: Waiting
[03:01:20] [Server thread/INFO]: [Vault] [Permission] SuperPermissions loaded as backup permission system.
[03:01:20] [Server thread/INFO]: [Vault] Enabled Version 1.7.3-b131
[03:01:20] [Server thread/INFO]: [LuckPerms] Registered Vault permission & chat hook.
[03:01:20] [Server thread/INFO]: Preparing level "ruins-of-altrac"
[03:01:20] [Server thread/INFO]: Preparing start region for dimension minecraft:overworld
[03:01:20] [Server thread/INFO]: Time elapsed: 271 ms
[03:01:20] [Server thread/INFO]: Preparing start region for dimension minecraft:the_nether
[03:01:18] [Server thread/INFO]: Preparing spawn area: 100%
[03:01:18] [Server thread/INFO]: Preparing spawn area: 100%
[03:01:18] [Server thread/INFO]: Preparing spawn area: 100%
[03:01:19] [Server thread/INFO]: Time elapsed: 1209 ms
[03:01:19] [Server thread/INFO]: Preparing start region for dimension minecraft:the_end
[03:01:19] [Server thread/INFO]: Preparing spawn area: 100%
[03:01:19] [Server thread/INFO]: Time elapsed: 51 ms
[03:01:19] [Server thread/INFO]: [Essentials] Enabling Essentials v2.21.1-dev+12-8455212
[03:01:19] [Server thread/ERROR]: [Essentials] You are running an unsupported server version!
[03:01:20] [Server thread/INFO]: [Essentials] Attempting to convert old kits in config.yml to new kits.yml
[03:01:20] [Server thread/INFO]: [Essentials] No kits found to migrate.
[03:01:20] [Server thread/INFO]: [Essentials] Selected 1.20.5+ Banner Data Provider as the provider for BannerDataProvider
[03:01:20] [Server thread/INFO]: [Essentials] Selected Paper Serialization Provider as the provider for SerializationProvider
[03:01:20] [Server thread/INFO]: [Essentials] Selected Paper Material Tag Provider as the provider for MaterialTagProvider
[03:01:20] [Server thread/INFO]: [Essentials] Selected 1.12.2+ Player Locale Provider as the provider for PlayerLocaleProvider
[03:01:20] [Server thread/INFO]: [Essentials] Selected 1.20.6+ Potion Meta Provider as the provider for PotionMetaProvider
[03:01:20] [Server thread/INFO]: [Essentials] Selected 1.20.4+ Damage Event Provider as the provider for DamageEventProvider
[03:01:20] [Server thread/INFO]: [Essentials] Selected Paper Tick Count Provider as the provider for TickCountProvider
[03:01:20] [Server thread/INFO]: [Essentials] Selected 1.8.3+ Spawner Item Provider as the provider for SpawnerItemProvider
[03:01:20] [Server thread/INFO]: [Essentials] Selected 1.14+ Sign Data Provider as the provider for SignDataProvider
[03:01:20] [Server thread/INFO]: [Essentials] Selected 1.21.4+ Sync Commands Provider as the provider for SyncCommandsProvider
[03:01:20] [Server thread/INFO]: [Essentials] Selected 1.11+ Item Unbreakable Provider as the provider for ItemUnbreakableProvider
[03:01:20] [Server thread/INFO]: [Essentials] Selected 1.21+ InventoryView Interface ABI Provider as the provider for InventoryViewProvider
[03:01:20] [Server thread/INFO]: [Essentials] Selected 1.17.1+ World Info Provider as the provider for WorldInfoProvider
[03:01:20] [Server thread/INFO]: [Essentials] Selected Reflection Online Mode Provider as the provider for OnlineModeProvider
[03:01:20] [Server thread/INFO]: [Essentials] Selected Reflection Formatted Command Alias Provider as the provider for FormattedCommandAliasProvider
[03:01:20] [Server thread/INFO]: [Essentials] Selected Paper Container Provider as the provider for ContainerProvider
[03:01:20] [Server thread/INFO]: [Essentials] Selected 1.14.4+ Persistent Data Container Provider as the provider for PersistentDataProvider
[03:01:20] [Server thread/INFO]: [Essentials] Selected Paper Known Commands Provider as the provider for KnownCommandsProvider
[03:01:20] [Server thread/INFO]: [Essentials] Selected Paper Biome Key Provider as the provider for BiomeKeyProvider
[03:01:20] [Server thread/INFO]: [Essentials] Selected Paper Server State Provider as the provider for ServerStateProvider
[03:01:20] [Server thread/INFO]: [Essentials] Selected 1.13+ Spawn Egg Provider as the provider for SpawnEggProvider
[03:01:20] [Server thread/INFO]: [Essentials] Selected 1.12+ Spawner Block Provider as the provider for SpawnerBlockProvider
[03:01:20] [Server thread/INFO]: [Essentials] Loaded 43517 items from items.json.
[03:01:20] [Server thread/INFO]: [Essentials] Using locale en
[03:01:20] [Server thread/INFO]: [Essentials] ServerListPingEvent: Spigot iterator API
[03:01:21] [Server thread/INFO]: [Essentials] Starting Metrics. Opt-out using the global bStats config.
[03:01:21] [Server thread/INFO]: [Vault] [Economy] Essentials Economy hooked.
[03:01:21] [Server thread/INFO]: [Essentials] Using Vault based permissions (LuckPerms)
[03:01:21] [Server thread/INFO]: [HungerGames] Enabling HungerGames v1.8.1
[03:01:21] [Server thread/INFO]: 


 ██░ ██  █    ██  ███▄    █   ▄████ ▓█████  ██▀███    ▄████  ▄▄▄       ███▄ ▄███▓▓█████   ██████ 
▓██░ ██▒ ██  ▓██▒ ██ ▀█   █  ██▒ ▀█▒▓█   ▀ ▓██ ▒ ██▒ ██▒ ▀█▒▒████▄    ▓██▒▀█▀ ██▒▓█   ▀ ▒██    ▒ 
▒██▀▀██░▓██  ▒██░▓██  ▀█ ██▒▒██░▄▄▄░▒███   ▓██ ░▄█ ▒▒██░▄▄▄░▒██  ▀█▄  ▓██    ▓██░▒███   ░ ▓██▄   
░▓█ ░██ ▓▓█  ░██░▓██▒  ▐▌██▒░▓█  ██▓▒▓█  ▄ ▒██▀▀█▄  ░▓█  ██▓░██▄▄▄▄██ ▒██    ▒██ ▒▓█  ▄   ▒   ██▒
░▓█▒░██▓▒▒█████▓ ▒██░   ▓██░░▒▓███▀▒░▒████▒░██▓ ▒██▒░▒▓███▀▒ ▓█   ▓██▒▒██▒   ░██▒░▒████▒▒██████▒▒
 ▒ ░░▒░▒░▒▓▒ ▒ ▒ ░ ▒░   ▒ ▒  ░▒   ▒ ░░ ▒░ ░░ ▒▓ ░▒▓░ ░▒   ▒  ▒▒   ▓▒█░░ ▒░   ░  ░░░ ▒░ ░▒ ▒▓▒ ▒ ░
 ▒ ░▒░ ░░░▒░ ░ ░ ░ ░░   ░ ▒░  ░   ░  ░ ░  ░  ░▒ ░ ▒░  ░   ░   ▒   ▒▒ ░░  ░      ░ ░ ░  ░░ ░▒  ░ ░
 ░  ░░ ░ ░░░ ░ ░    ░   ░ ░ ░ ░   ░    ░     ░░   ░ ░ ░   ░   ░   ▒   ░      ░      ░   ░  ░  ░  
 ░  ░  ░   ░              ░       ░    ░  ░   ░           ░       ░  ░       ░      ░  ░      ░  
                                                                                                 

[03:01:21] [packetevents-update-check-thread/INFO]: [packetevents] Checking for updates, please wait...
[03:01:21] [packetevents-update-check-thread/INFO]: [packetevents] You are running the latest release of PacketEvents. Your build: (2.7.0)
[03:01:21] [Server thread/INFO]: [EssentialsChat] Enabling EssentialsChat v2.21.1-dev+12-8455212
[03:01:21] [Server thread/INFO]: [EssentialsChat] Starting Metrics. Opt-out using the global bStats config.
[03:01:21] [Server thread/INFO]: [TAB] Enabling TAB v5.2.0
[03:01:21] [Server thread/INFO]: [TAB] Loaded NMS hook in 28ms
[03:01:22] [Server thread/INFO]: [TAB] Enabled in 295ms
[03:01:22] [Server thread/INFO]: [spark] Starting background profiler...
[03:01:22] [Server thread/INFO]: Done preparing level "ruins-of-altrac" (5.377s)
[03:01:22] [Server thread/INFO]: Running delayed init tasks
[03:01:22] [Server thread/INFO]: [Essentials] Essentials found a compatible payment resolution method: Vault Compatibility Layer (v1.7.3-b131)!
[03:01:22] [Craft Scheduler Thread - 3 - Essentials/INFO]: [Essentials] Fetching version information...
[03:01:22] [Server thread/INFO]: Done (16.695s)! For help, type "help"
[03:01:22] [Craft Scheduler Thread - 2 - Vault/INFO]: [Vault] Checking for Updates ... 
[03:01:23] [Craft Scheduler Thread - 2 - Vault/INFO]: [Vault] No new version available
[03:01:38] [User Authenticator #0/INFO]: UUID of player Magnus0pus is 39098e7f-62ad-45c7-b706-1301ffcd2f67
[03:01:45] [Server thread/ERROR]: [HungerGames] Could not find lobbyWorld [ world]
[03:01:45] [Server thread/INFO]: Magnus0pus[/172.29.16.1:57626] logged in with entity id 1430 at ([ruins-of-altrac]-216.9375420514356, 17.0, 126.2467502201434)
[03:02:08] [Server thread/INFO]: Magnus0pus issued server command: /mail send Magnus0pus Hello
[03:02:39] [Server thread/INFO]: Magnus0pus lost connection: Disconnected
[03:02:57] [Server thread/INFO]: Stopping server
[03:02:57] [Server thread/INFO]: [TAB] Disabling TAB v5.2.0
[03:02:57] [Server thread/INFO]: [TAB] Disabled in 1ms
[03:02:57] [Server thread/INFO]: [EssentialsChat] Disabling EssentialsChat v2.21.1-dev+12-8455212
[03:02:57] [Server thread/INFO]: [HungerGames] Disabling HungerGames v1.8.1
[03:02:57] [Server thread/INFO]: [Essentials] Disabling Essentials v2.21.1-dev+12-8455212
[03:02:57] [Server thread/INFO]: [Vault] [Economy] Essentials Economy unhooked.
[03:02:57] [Server thread/INFO]: [Vault] Disabling Vault v1.7.3-b131
[03:02:57] [Server thread/INFO]: [LuckPerms] Disabling LuckPerms v5.4.158
[03:02:57] [Server thread/INFO]: [LuckPerms] Starting shutdown process...
[03:02:57] [Server thread/INFO]: [LuckPerms] Closing storage...
[03:02:57] [Server thread/INFO]: [LuckPerms] Goodbye!
[03:02:57] [Server thread/INFO]: Saving players
[03:02:57] [Server thread/INFO]: Saving worlds
[03:02:57] [Server thread/INFO]: Saving chunks for level 'ServerLevel[ruins-of-altrac]'/minecraft:overworld
[03:02:57] [Server thread/INFO]: [ChunkHolderManager] Waiting 60s for chunk system to halt for world 'ruins-of-altrac'
[03:02:57] [Server thread/INFO]: [ChunkHolderManager] Halted chunk system for world 'ruins-of-altrac'
[03:02:57] [Server thread/INFO]: [ChunkHolderManager] Saving all chunkholders for world 'ruins-of-altrac'
[03:02:58] [Server thread/INFO]: [ChunkHolderManager] Saved 2820 block chunks, 2820 entity chunks, 0 poi chunks in world 'ruins-of-altrac' in 1.38s
[03:02:58] [Server thread/INFO]: [ChunkHolderManager] Waiting 60s for chunk I/O to halt for world 'ruins-of-altrac'
[03:02:58] [Server thread/INFO]: [ChunkHolderManager] Halted I/O scheduler for world 'ruins-of-altrac'
[03:02:58] [Server thread/INFO]: Saving chunks for level 'ServerLevel[ruins-of-altrac_nether]'/minecraft:the_nether
[03:02:58] [Server thread/INFO]: [ChunkHolderManager] Waiting 60s for chunk system to halt for world 'ruins-of-altrac_nether'
[03:02:58] [Server thread/INFO]: [ChunkHolderManager] Halted chunk system for world 'ruins-of-altrac_nether'
[03:02:58] [Server thread/INFO]: [ChunkHolderManager] Saving all chunkholders for world 'ruins-of-altrac_nether'
[03:02:58] [Server thread/INFO]: [ChunkHolderManager] Saved 49 block chunks, 49 entity chunks, 0 poi chunks in world 'ruins-of-altrac_nether' in 0.04s
[03:02:58] [Server thread/INFO]: [ChunkHolderManager] Waiting 60s for chunk I/O to halt for world 'ruins-of-altrac_nether'
[03:02:58] [Server thread/INFO]: [ChunkHolderManager] Halted I/O scheduler for world 'ruins-of-altrac_nether'
[03:02:58] [Server thread/INFO]: Saving chunks for level 'ServerLevel[ruins-of-altrac_the_end]'/minecraft:the_end
[03:02:59] [Server thread/INFO]: [ChunkHolderManager] Waiting 60s for chunk system to halt for world 'ruins-of-altrac_the_end'
[03:02:59] [Server thread/INFO]: [ChunkHolderManager] Halted chunk system for world 'ruins-of-altrac_the_end'
[03:02:59] [Server thread/INFO]: [ChunkHolderManager] Saving all chunkholders for world 'ruins-of-altrac_the_end'
[03:02:59] [Server thread/INFO]: [ChunkHolderManager] Saved 49 block chunks, 49 entity chunks, 0 poi chunks in world 'ruins-of-altrac_the_end' in 0.03s
[03:02:59] [Server thread/INFO]: [ChunkHolderManager] Waiting 60s for chunk I/O to halt for world 'ruins-of-altrac_the_end'
[03:02:59] [Server thread/INFO]: [ChunkHolderManager] Halted I/O scheduler for world 'ruins-of-altrac_the_end'
[03:02:59] [Server thread/INFO]: ThreadedAnvilChunkStorage (ruins-of-altrac): All chunks are saved
[03:02:59] [Server thread/INFO]: ThreadedAnvilChunkStorage (DIM-1): All chunks are saved
[03:02:59] [Server thread/INFO]: ThreadedAnvilChunkStorage (DIM1): All chunks are saved
[03:02:59] [Server thread/INFO]: ThreadedAnvilChunkStorage: All dimensions are saved
[03:02:59] [Server thread/INFO]: Waiting for I/O tasks to complete...
[03:02:59] [Server thread/INFO]: All I/O tasks to complete
[03:02:59] [Server thread/INFO]: [MoonriseCommon] Awaiting termination of worker pool for up to 60s...
[03:02:59] [Server thread/INFO]: [MoonriseCommon] Awaiting termination of I/O pool for up to 60s...
